<?xml version="1.0" encoding="UTF-8"?>
<!-- Generated by org.testng.reporters.JUnitXMLReporter -->
<testsuite ignored="1" hostname="SHRUTIP01" failures="0" tests="1" name="chrometest" time="57.627" errors="0" timestamp="2025-07-28T11:06:46 IST">
  <testcase classname="testCases.TC001_LoginPage" name="Verify_Login" time="39.651"/>
  <testcase classname="testCases.TC001_AccountRegistrationPage" name="Verify_account_registration" time="0.0">
    <ignored/>
  </testcase> <!-- Verify_account_registration -->
</testsuite> <!-- chrometest -->
